<?xml version="1.0" encoding="UTF-8"?>
<testsuite xmlns:xsi="http://www.w3.org/2001/XMLSchema-instance" xsi:noNamespaceSchemaLocation="https://maven.apache.org/surefire/maven-surefire-plugin/xsd/surefire-test-report.xsd" name="NotaFiscalTest" time="0.056" tests="1" errors="1" skipped="0" failures="0">
  <properties>
[...]
</properties>
  <testcase name="quandoValidoCalcularValorTotal_DeveRetornarSucesso" classname="NotaFiscalTest" time="0.042">
    <error message="Not supported yet." type="java.lang.UnsupportedOperationException">java.lang.UnsupportedOperationException: Not supported yet.
	at NotaFiscalTest.calcularValorTotal(NotaFiscalTest.java:30)
	at NotaFiscalTest.quandoValidoCalcularValorTotal_DeveRetornarSucesso(NotaFiscalTest.java:23)
</error>
  </testcase>
</testsuite>